<?xml version="1.0" encoding="UTF-8"?>
<!-- Generated by org.testng.reporters.JUnitXMLReporter -->
<testsuite ignored="0" hostname="DESKTOP-B2QSJ40" failures="0" tests="2" name="FirefoxTests" time="10.883" errors="0" timestamp="16 Feb 2023 14:08:49 GMT">
  <testcase classname="com.in28minutes.selenium.crossbrowser.framework.CrossBrowserFrameworkTest" name="lounchBoxPage" time="1.715"/>
  <testcase classname="com.in28minutes.selenium.crossbrowser.framework.CrossBrowserFrameworkTest" name="lounchImagePage" time="1.959"/>
</testsuite> <!-- FirefoxTests -->
