<?xml version="1.0" encoding="UTF-8"?>
<!-- Generated by org.testng.reporters.JUnitXMLReporter -->
<testsuite ignored="1" hostname="DESKTOP-B2QSJ40" failures="0" tests="1" name="Default test" time="3.179" errors="0" timestamp="16 Feb 2023 14:07:29 GMT">
  <testcase classname="com.in28minutes.selenium.crossbrowser.framework.CrossBrowserFrameworkTest" name="lounchBoxPage" time="1.462"/>
  <testcase classname="com.in28minutes.selenium.crossbrowser.framework.CrossBrowserFrameworkTest" name="lounchImagePage" time="0.0">
    <ignored/>
  </testcase> <!-- lounchImagePage -->
</testsuite> <!-- Default test -->
