<?xml version="1.0" encoding="UTF-8"?>
<testng-results ignored="0" total="4" passed="4" failed="0" skipped="0">
  <reporter-output>
  </reporter-output>
  <suite started-at="2023-02-16T14:08:38Z" name="First Suite" finished-at="2023-02-16T14:08:53Z" duration-ms="14782">
    <groups>
    </groups>
    <test started-at="2023-02-16T14:08:38Z" name="FirefoxTests" finished-at="2023-02-16T14:08:49Z" duration-ms="10883">
      <class name="com.in28minutes.selenium.crossbrowser.framework.CrossBrowserFrameworkTest">
        <test-method is-config="true" signature="before(java.lang.String)[pri:0, instance:com.in28minutes.selenium.crossbrowser.framework.CrossBrowserFrameworkTest@687e99d8]" started-at="2023-02-16T14:08:38Z" name="before" finished-at="2023-02-16T14:08:44Z" duration-ms="6222" status="PASS">
          <params>
            <param index="0">
              <value>
                <![CDATA[firefox]]>
              </value>
            </param>
          </params>
          <reporter-output>
          </reporter-output>
        </test-method> <!-- before -->
        <test-method signature="lounchBoxPage()[pri:0, instance:com.in28minutes.selenium.crossbrowser.framework.CrossBrowserFrameworkTest@687e99d8]" started-at="2023-02-16T14:08:44Z" name="lounchBoxPage" finished-at="2023-02-16T14:08:46Z" duration-ms="1715" status="PASS">
          <reporter-output>
          </reporter-output>
        </test-method> <!-- lounchBoxPage -->
        <test-method signature="lounchImagePage()[pri:0, instance:com.in28minutes.selenium.crossbrowser.framework.CrossBrowserFrameworkTest@687e99d8]" started-at="2023-02-16T14:08:46Z" name="lounchImagePage" finished-at="2023-02-16T14:08:48Z" duration-ms="1959" status="PASS">
          <reporter-output>
          </reporter-output>
        </test-method> <!-- lounchImagePage -->
        <test-method is-config="true" signature="after()[pri:0, instance:com.in28minutes.selenium.crossbrowser.framework.CrossBrowserFrameworkTest@687e99d8]" started-at="2023-02-16T14:08:48Z" name="after" finished-at="2023-02-16T14:08:49Z" duration-ms="964" status="PASS">
          <reporter-output>
          </reporter-output>
        </test-method> <!-- after -->
      </class> <!-- com.in28minutes.selenium.crossbrowser.framework.CrossBrowserFrameworkTest -->
    </test> <!-- FirefoxTests -->
    <test started-at="2023-02-16T14:08:49Z" name="ChromeTests" finished-at="2023-02-16T14:08:53Z" duration-ms="3873">
      <class name="com.in28minutes.selenium.crossbrowser.framework.CrossBrowserFrameworkTest">
        <test-method is-config="true" signature="before(java.lang.String)[pri:0, instance:com.in28minutes.selenium.crossbrowser.framework.CrossBrowserFrameworkTest@3098cf3b]" started-at="2023-02-16T14:08:49Z" name="before" finished-at="2023-02-16T14:08:50Z" duration-ms="1030" status="PASS">
          <params>
            <param index="0">
              <value>
                <![CDATA[chrome]]>
              </value>
            </param>
          </params>
          <reporter-output>
          </reporter-output>
        </test-method> <!-- before -->
        <test-method signature="lounchBoxPage()[pri:0, instance:com.in28minutes.selenium.crossbrowser.framework.CrossBrowserFrameworkTest@3098cf3b]" started-at="2023-02-16T14:08:50Z" name="lounchBoxPage" finished-at="2023-02-16T14:08:51Z" duration-ms="1280" status="PASS">
          <reporter-output>
          </reporter-output>
        </test-method> <!-- lounchBoxPage -->
        <test-method signature="lounchImagePage()[pri:0, instance:com.in28minutes.selenium.crossbrowser.framework.CrossBrowserFrameworkTest@3098cf3b]" started-at="2023-02-16T14:08:51Z" name="lounchImagePage" finished-at="2023-02-16T14:08:52Z" duration-ms="1343" status="PASS">
          <reporter-output>
          </reporter-output>
        </test-method> <!-- lounchImagePage -->
        <test-method is-config="true" signature="after()[pri:0, instance:com.in28minutes.selenium.crossbrowser.framework.CrossBrowserFrameworkTest@3098cf3b]" started-at="2023-02-16T14:08:52Z" name="after" finished-at="2023-02-16T14:08:53Z" duration-ms="215" status="PASS">
          <reporter-output>
          </reporter-output>
        </test-method> <!-- after -->
      </class> <!-- com.in28minutes.selenium.crossbrowser.framework.CrossBrowserFrameworkTest -->
    </test> <!-- ChromeTests -->
  </suite> <!-- First Suite -->
</testng-results>
